<?xml version="1.0" encoding="UTF-8"?>
<testng-results ignored="0" total="2" passed="2" failed="0" skipped="0">
  <reporter-output>
  </reporter-output>
  <suite started-at="2022-10-30T16:02:51 EET" name="Default suite" finished-at="2022-10-30T16:03:19 EET" duration-ms="28116">
    <groups>
    </groups>
    <test started-at="2022-10-30T16:02:51 EET" name="Default test" finished-at="2022-10-30T16:03:19 EET" duration-ms="28116">
      <class name="tests.UserRegistrationWithExcel">
        <test-method is-config="true" signature="startDriver(java.lang.String)[pri:0, instance:tests.UserRegistrationWithExcel@71ba6d4e]" started-at="2022-10-30T16:02:39 EET" name="startDriver" finished-at="2022-10-30T16:02:51 EET" duration-ms="12434" status="PASS">
          <params>
            <param index="0">
              <value>
                <![CDATA[chrome]]>
              </value>
            </param>
          </params>
          <reporter-output>
          </reporter-output>
        </test-method> <!-- startDriver -->
        <test-method signature="UserCanRegiterSuccssfully(java.lang.String,java.lang.String,java.lang.String,java.lang.String)[pri:1, instance:tests.UserRegistrationWithExcel@71ba6d4e]" started-at="2022-10-30T16:02:52 EET" name="UserCanRegiterSuccssfully" data-provider="Exeldata" finished-at="2022-10-30T16:03:07 EET" duration-ms="14834" status="PASS">
          <params>
            <param index="0">
              <value>
                <![CDATA[ahmed]]>
              </value>
            </param>
            <param index="1">
              <value>
                <![CDATA[ali]]>
              </value>
            </param>
            <param index="2">
              <value>
                <![CDATA[ali@gmail.com]]>
              </value>
            </param>
            <param index="3">
              <value>
                <![CDATA[assword1]]>
              </value>
            </param>
          </params>
          <reporter-output>
          </reporter-output>
        </test-method> <!-- UserCanRegiterSuccssfully -->
        <test-method signature="UserCanRegiterSuccssfully(java.lang.String,java.lang.String,java.lang.String,java.lang.String)[pri:1, instance:tests.UserRegistrationWithExcel@71ba6d4e]" started-at="2022-10-30T16:03:07 EET" name="UserCanRegiterSuccssfully" data-provider="Exeldata" finished-at="2022-10-30T16:03:19 EET" duration-ms="12432" status="PASS">
          <params>
            <param index="0">
              <value>
                <![CDATA[Ramy]]>
              </value>
            </param>
            <param index="1">
              <value>
                <![CDATA[magdy]]>
              </value>
            </param>
            <param index="2">
              <value>
                <![CDATA[ragdy@gmail.com]]>
              </value>
            </param>
            <param index="3">
              <value>
                <![CDATA[password2]]>
              </value>
            </param>
          </params>
          <reporter-output>
          </reporter-output>
        </test-method> <!-- UserCanRegiterSuccssfully -->
        <test-method is-config="true" signature="stopDriver()[pri:0, instance:tests.UserRegistrationWithExcel@71ba6d4e]" started-at="2022-10-30T16:03:19 EET" name="stopDriver" finished-at="2022-10-30T16:03:23 EET" duration-ms="3603" status="PASS">
          <reporter-output>
          </reporter-output>
        </test-method> <!-- stopDriver -->
      </class> <!-- tests.UserRegistrationWithExcel -->
    </test> <!-- Default test -->
  </suite> <!-- Default suite -->
</testng-results>
